<?xml version="1.0" encoding="UTF-8"?>
<testsuite xmlns:xsi="http://www.w3.org/2001/XMLSchema-instance" xsi:noNamespaceSchemaLocation="https://maven.apache.org/surefire/maven-surefire-plugin/xsd/surefire-test-report-3.0.xsd" version="3.0" name="com.example.monprojet.AppTest" time="0.053" tests="1" errors="0" skipped="0" failures="0">
  <properties>
    <property name="java.specification.version" value="24"/>
    <property name="sun.jnu.encoding" value="UTF-8"/>
    <property name="java.class.path" value="/home/kokadavid/Cybercafe/target/test-classes:/home/kokadavid/Cybercafe/target/classes:/home/kokadavid/.m2/repository/org/openjfx/javafx-controls/26-ea+2/javafx-controls-26-ea+2.jar:/home/kokadavid/.m2/repository/org/openjfx/javafx-controls/26-ea+2/javafx-controls-26-ea+2-linux.jar:/home/kokadavid/.m2/repository/org/openjfx/javafx-graphics/26-ea+2/javafx-graphics-26-ea+2.jar:/home/kokadavid/.m2/repository/org/openjfx/javafx-graphics/26-ea+2/javafx-graphics-26-ea+2-linux.jar:/home/kokadavid/.m2/repository/org/openjfx/javafx-base/26-ea+2/javafx-base-26-ea+2.jar:/home/kokadavid/.m2/repository/org/openjfx/javafx-base/26-ea+2/javafx-base-26-ea+2-linux.jar:/home/kokadavid/.m2/repository/org/openjfx/javafx-fxml/21.0.5/javafx-fxml-21.0.5-linux.jar:/home/kokadavid/.m2/repository/junit/junit/3.8.1/junit-3.8.1.jar:/home/kokadavid/.m2/repository/com/mysql/mysql-connector-j/8.0.33/mysql-connector-j-8.0.33.jar:/home/kokadavid/.m2/repository/com/google/protobuf/protobuf-java/3.21.9/protobuf-java-3.21.9.jar:/home/kokadavid/.m2/repository/org/mindrot/jbcrypt/0.4/jbcrypt-0.4.jar:/home/kokadavid/.m2/repository/com/fasterxml/jackson/core/jackson-databind/2.17.2/jackson-databind-2.17.2.jar:/home/kokadavid/.m2/repository/com/fasterxml/jackson/core/jackson-core/2.17.2/jackson-core-2.17.2.jar:/home/kokadavid/.m2/repository/com/fasterxml/jackson/core/jackson-annotations/2.17.2/jackson-annotations-2.17.2.jar:/home/kokadavid/.m2/repository/com/fasterxml/jackson/datatype/jackson-datatype-jsr310/2.17.2/jackson-datatype-jsr310-2.17.2.jar:"/>
    <property name="java.vm.vendor" value="Red Hat, Inc."/>
    <property name="sun.arch.data.model" value="64"/>
    <property name="java.vendor.url" value="https://www.redhat.com/"/>
    <property name="os.name" value="Linux"/>
    <property name="java.vm.specification.version" value="24"/>
    <property name="sun.java.launcher" value="SUN_STANDARD"/>
    <property name="user.country" value="FR"/>
    <property name="sun.boot.library.path" value="/usr/lib/jvm/java-24-openjdk/lib"/>
    <property name="sun.java.command" value="/home/kokadavid/Cybercafe/target/surefire/surefirebooter-20250921160050454_3.jar /home/kokadavid/Cybercafe/target/surefire 2025-09-21T16-00-50_282-jvmRun1 surefire-20250921160050454_1tmp surefire_0-20250921160050454_2tmp"/>
    <property name="jdk.debug" value="release"/>
    <property name="surefire.test.class.path" value="/home/kokadavid/Cybercafe/target/test-classes:/home/kokadavid/Cybercafe/target/classes:/home/kokadavid/.m2/repository/org/openjfx/javafx-controls/26-ea+2/javafx-controls-26-ea+2.jar:/home/kokadavid/.m2/repository/org/openjfx/javafx-controls/26-ea+2/javafx-controls-26-ea+2-linux.jar:/home/kokadavid/.m2/repository/org/openjfx/javafx-graphics/26-ea+2/javafx-graphics-26-ea+2.jar:/home/kokadavid/.m2/repository/org/openjfx/javafx-graphics/26-ea+2/javafx-graphics-26-ea+2-linux.jar:/home/kokadavid/.m2/repository/org/openjfx/javafx-base/26-ea+2/javafx-base-26-ea+2.jar:/home/kokadavid/.m2/repository/org/openjfx/javafx-base/26-ea+2/javafx-base-26-ea+2-linux.jar:/home/kokadavid/.m2/repository/org/openjfx/javafx-fxml/21.0.5/javafx-fxml-21.0.5-linux.jar:/home/kokadavid/.m2/repository/junit/junit/3.8.1/junit-3.8.1.jar:/home/kokadavid/.m2/repository/com/mysql/mysql-connector-j/8.0.33/mysql-connector-j-8.0.33.jar:/home/kokadavid/.m2/repository/com/google/protobuf/protobuf-java/3.21.9/protobuf-java-3.21.9.jar:/home/kokadavid/.m2/repository/org/mindrot/jbcrypt/0.4/jbcrypt-0.4.jar:/home/kokadavid/.m2/repository/com/fasterxml/jackson/core/jackson-databind/2.17.2/jackson-databind-2.17.2.jar:/home/kokadavid/.m2/repository/com/fasterxml/jackson/core/jackson-core/2.17.2/jackson-core-2.17.2.jar:/home/kokadavid/.m2/repository/com/fasterxml/jackson/core/jackson-annotations/2.17.2/jackson-annotations-2.17.2.jar:/home/kokadavid/.m2/repository/com/fasterxml/jackson/datatype/jackson-datatype-jsr310/2.17.2/jackson-datatype-jsr310-2.17.2.jar:"/>
    <property name="sun.cpu.endian" value="little"/>
    <property name="user.home" value="/home/kokadavid"/>
    <property name="user.language" value="fr"/>
    <property name="java.specification.vendor" value="Oracle Corporation"/>
    <property name="java.version.date" value="2025-07-15"/>
    <property name="java.home" value="/usr/lib/jvm/java-24-openjdk"/>
    <property name="file.separator" value="/"/>
    <property name="basedir" value="/home/kokadavid/Cybercafe"/>
    <property name="java.vm.compressedOopsMode" value="32-bit"/>
    <property name="line.separator" value="&#10;"/>
    <property name="java.specification.name" value="Java Platform API Specification"/>
    <property name="java.vm.specification.vendor" value="Oracle Corporation"/>
    <property name="surefire.real.class.path" value="/home/kokadavid/Cybercafe/target/surefire/surefirebooter-20250921160050454_3.jar"/>
    <property name="sun.management.compiler" value="HotSpot 64-Bit Tiered Compilers"/>
    <property name="java.runtime.version" value="24.0.2+12"/>
    <property name="user.name" value="kokadavid"/>
    <property name="stdout.encoding" value="UTF-8"/>
    <property name="path.separator" value=":"/>
    <property name="os.version" value="6.16.7-200.fc42.x86_64"/>
    <property name="java.runtime.name" value="OpenJDK Runtime Environment"/>
    <property name="file.encoding" value="UTF-8"/>
    <property name="java.vm.name" value="OpenJDK 64-Bit Server VM"/>
    <property name="java.vendor.version" value="(Red_Hat-24.0.2.0.12-1)"/>
    <property name="localRepository" value="/home/kokadavid/.m2/repository"/>
    <property name="java.vendor.url.bug" value="https://bugzilla.redhat.com/enter_bug.cgi?product=Fedora&amp;component=java-latest-openjdk&amp;version=41"/>
    <property name="java.io.tmpdir" value="/tmp"/>
    <property name="java.version" value="24.0.2"/>
    <property name="user.dir" value="/home/kokadavid/Cybercafe"/>
    <property name="os.arch" value="amd64"/>
    <property name="java.vm.specification.name" value="Java Virtual Machine Specification"/>
    <property name="native.encoding" value="UTF-8"/>
    <property name="java.library.path" value="/usr/java/packages/lib:/usr/lib64:/lib64:/lib:/usr/lib"/>
    <property name="java.vm.info" value="mixed mode, sharing"/>
    <property name="stderr.encoding" value="UTF-8"/>
    <property name="java.vendor" value="Red Hat, Inc."/>
    <property name="java.vm.version" value="24.0.2+12"/>
    <property name="sun.io.unicode.encoding" value="UnicodeLittle"/>
    <property name="java.class.version" value="68.0"/>
  </properties>
  <testcase name="testApp" classname="com.example.monprojet.AppTest" time="0.006"/>
</testsuite>